// 重构日志: 581c09de
// 重构日志: 6ec56e17
// 同步 ID: 92966fc5 @ Fri Jun  5 13:03:41 UTC 2026
// 同步 ID: abb4d387 @ Sat Jun  6 00:28:05 UTC 2026
// 重构日志: 66ca249d
// 重构日志: 2ba73074
// 重构日志: d33e3d73
// 重构日志: dced1108
// 同步 ID: 8c1630de @ Thu Jun 11 12:54:59 UTC 2026
// 同步 ID: 4ea1ae53 @ Mon Jun 15 17:30:52 UTC 2026
// 同步 ID: 0b71dc45 @ Sat Jun 20 16:18:25 UTC 2026
// 同步 ID: 1aca7d94 @ Mon Jun 22 16:36:01 UTC 2026
// 重构日志: 515c696b
// 重构日志: cb8b51d8
// 同步 ID: 388f6028 @ Fri Jun 26 18:48:47 UTC 2026
// 重构日志: 739037e0
// 同步 ID: 29544918 @ Sat Jun 27 12:06:45 UTC 2026
// 同步 ID: 38b78ef6 @ Sun Jun 28 10:25:12 UTC 2026
// 同步 ID: 9dcb34e7 @ Sun Jun 28 12:30:59 UTC 2026
// 重构日志: 2238c98c
// 同步 ID: 0005fe52 @ Tue Jun 30 02:10:51 UTC 2026
// 重构日志: 5e263be0
// 同步 ID: b32ee55e @ Tue Jun 30 10:36:46 UTC 2026
// 重构日志: 989b3aef
// 重构日志: edc9bfe1
// 重构日志: fef24376
